2019-09-25 11:46:46,801 [Worker-3: Loading available Gradle versions] INFO  o.e.b.c.i.u.g.PublishedGradleVersions - Gradle version information cache is out-of-date. Trying to update.
2019-09-25 12:05:37,247 [Worker-2: Import Getting Started Content] INFO  o.e.m.c.i.l.LifecycleMappingFactory - Using org.eclipse.m2e.jdt.JarLifecycleMapping lifecycle mapping for MavenProject: com.example:tasks:0.0.1-SNAPSHOT @ C:\Users\MCC19171860\git\PAC\tasks\pom.xml.
2019-09-25 12:05:38,112 [Worker-2: Import Getting Started Content] INFO  o.e.m.j.i.AbstractJavaProjectConfigurator - Adding source folder /tasks/src/main/java
2019-09-25 12:05:38,113 [Worker-2: Import Getting Started Content] INFO  o.e.m.j.i.AbstractJavaProjectConfigurator - Adding resource folder /tasks/src/main/resources
2019-09-25 12:05:38,118 [Worker-2: Import Getting Started Content] INFO  o.e.m.j.i.AbstractJavaProjectConfigurator - Adding resource folder /tasks/src/main/resources
2019-09-25 12:05:38,127 [Worker-2: Import Getting Started Content] INFO  o.e.m.j.i.AbstractJavaProjectConfigurator - Adding source folder /tasks/src/test/java
2019-09-25 12:05:38,842 [Worker-2: Import Getting Started Content] INFO  o.e.m.c.i.p.ProjectConfigurationManager - Imported and configured 1 project(s) in 2 sec
2019-09-25 12:05:38,844 [Worker-2: Import Getting Started Content] INFO  o.e.m.c.i.p.ProjectConfigurationManager - Update started
2019-09-25 12:05:39,297 [Worker-2: Import Getting Started Content] INFO  o.e.m.c.i.l.LifecycleMappingFactory - Using org.eclipse.m2e.jdt.JarLifecycleMapping lifecycle mapping for MavenProject: com.example:tasks:0.0.1-SNAPSHOT @ C:\Users\MCC19171860\git\PAC\tasks\pom.xml.
2019-09-25 12:05:40,024 [Worker-2: Import Getting Started Content] INFO  o.e.m.j.i.AbstractJavaProjectConfigurator - Adding source folder /tasks/src/main/java
2019-09-25 12:05:40,025 [Worker-2: Import Getting Started Content] INFO  o.e.m.j.i.AbstractJavaProjectConfigurator - Adding resource folder /tasks/src/main/resources
2019-09-25 12:05:40,026 [Worker-2: Import Getting Started Content] INFO  o.e.m.j.i.AbstractJavaProjectConfigurator - Adding resource folder /tasks/src/main/resources
2019-09-25 12:05:40,029 [Worker-2: Import Getting Started Content] INFO  o.e.m.j.i.AbstractJavaProjectConfigurator - Adding source folder /tasks/src/test/java
2019-09-25 12:05:40,247 [Worker-2: Import Getting Started Content] INFO  o.e.m.c.i.p.ProjectConfigurationManager - Update completed: 1 sec
2019-09-25 12:05:41,033 [Worker-4: Building workspace] INFO  o.e.m.c.i.embedder.EclipseLogger - Using 'UTF-8' encoding to copy filtered resources.
2019-09-25 12:05:41,036 [Worker-4: Building workspace] INFO  o.e.m.c.i.embedder.EclipseLogger - Copying 1 resource
2019-09-25 12:05:41,045 [Worker-4: Building workspace] INFO  o.e.m.c.i.embedder.EclipseLogger - Copying 0 resource
2019-09-25 12:05:41,047 [Worker-4: Building workspace] INFO  o.e.m.c.i.embedder.EclipseLogger - Using 'UTF-8' encoding to copy filtered resources.
2019-09-25 12:05:41,047 [Worker-4: Building workspace] INFO  o.e.m.c.i.embedder.EclipseLogger - skip non existing resourceDirectory C:\Users\MCC19171860\git\PAC\tasks\src\test\resources
2019-09-25 12:06:19,346 [Worker-10: Building workspace] INFO  o.e.m.c.i.embedder.EclipseLogger - Using 'UTF-8' encoding to copy filtered resources.
2019-09-25 12:06:19,348 [Worker-10: Building workspace] INFO  o.e.m.c.i.embedder.EclipseLogger - Copying 1 resource
2019-09-25 12:06:19,350 [Worker-10: Building workspace] INFO  o.e.m.c.i.embedder.EclipseLogger - Copying 0 resource
2019-09-25 12:06:19,353 [Worker-10: Building workspace] INFO  o.e.m.c.i.embedder.EclipseLogger - Using 'UTF-8' encoding to copy filtered resources.
2019-09-25 12:06:19,354 [Worker-10: Building workspace] INFO  o.e.m.c.i.embedder.EclipseLogger - skip non existing resourceDirectory C:\Users\MCC19171860\git\PAC\tasks\src\test\resources
2019-09-25 12:27:28,840 [Worker-21: Building workspace] INFO  o.e.m.c.i.embedder.EclipseLogger - Using 'UTF-8' encoding to copy filtered resources.
2019-09-25 12:27:28,840 [Worker-21: Building workspace] INFO  o.e.m.c.i.embedder.EclipseLogger - Copying 1 resource
2019-09-25 12:27:28,842 [Worker-21: Building workspace] INFO  o.e.m.c.i.embedder.EclipseLogger - Copying 0 resource
2019-09-25 12:27:28,844 [Worker-21: Building workspace] INFO  o.e.m.c.i.embedder.EclipseLogger - Using 'UTF-8' encoding to copy filtered resources.
2019-09-25 12:27:28,844 [Worker-21: Building workspace] INFO  o.e.m.c.i.embedder.EclipseLogger - skip non existing resourceDirectory C:\Users\MCC19171860\git\PAC\tasks\src\test\resources
2019-09-25 12:28:26,192 [Worker-23: Building workspace] INFO  o.e.m.c.i.embedder.EclipseLogger - Using 'UTF-8' encoding to copy filtered resources.
2019-09-25 12:28:26,193 [Worker-23: Building workspace] INFO  o.e.m.c.i.embedder.EclipseLogger - Copying 1 resource
2019-09-25 12:28:26,195 [Worker-23: Building workspace] INFO  o.e.m.c.i.embedder.EclipseLogger - Copying 0 resource
2019-09-25 12:28:26,196 [Worker-23: Building workspace] INFO  o.e.m.c.i.embedder.EclipseLogger - Using 'UTF-8' encoding to copy filtered resources.
2019-09-25 12:28:26,196 [Worker-23: Building workspace] INFO  o.e.m.c.i.embedder.EclipseLogger - skip non existing resourceDirectory C:\Users\MCC19171860\git\PAC\tasks\src\test\resources
2019-09-25 12:29:48,780 [Worker-22: Building workspace] INFO  o.e.m.c.i.embedder.EclipseLogger - Using 'UTF-8' encoding to copy filtered resources.
2019-09-25 12:29:48,781 [Worker-22: Building workspace] INFO  o.e.m.c.i.embedder.EclipseLogger - Copying 1 resource
2019-09-25 12:29:48,783 [Worker-22: Building workspace] INFO  o.e.m.c.i.embedder.EclipseLogger - Copying 0 resource
2019-09-25 12:29:48,785 [Worker-22: Building workspace] INFO  o.e.m.c.i.embedder.EclipseLogger - Using 'UTF-8' encoding to copy filtered resources.
2019-09-25 12:29:48,785 [Worker-22: Building workspace] INFO  o.e.m.c.i.embedder.EclipseLogger - skip non existing resourceDirectory C:\Users\MCC19171860\git\PAC\tasks\src\test\resources
2019-09-25 12:29:49,850 [Worker-24: Building workspace] INFO  o.e.m.c.i.embedder.EclipseLogger - Using 'UTF-8' encoding to copy filtered resources.
2019-09-25 12:29:49,850 [Worker-24: Building workspace] INFO  o.e.m.c.i.embedder.EclipseLogger - Copying 0 resource
2019-09-25 12:29:49,851 [Worker-24: Building workspace] INFO  o.e.m.c.i.embedder.EclipseLogger - Copying 0 resource
2019-09-25 12:29:49,853 [Worker-24: Building workspace] INFO  o.e.m.c.i.embedder.EclipseLogger - Using 'UTF-8' encoding to copy filtered resources.
2019-09-25 12:29:49,853 [Worker-24: Building workspace] INFO  o.e.m.c.i.embedder.EclipseLogger - skip non existing resourceDirectory C:\Users\MCC19171860\git\PAC\tasks\src\test\resources
2019-09-25 12:30:27,962 [Worker-23: Building workspace] INFO  o.e.m.c.i.embedder.EclipseLogger - Using 'UTF-8' encoding to copy filtered resources.
2019-09-25 12:30:27,963 [Worker-23: Building workspace] INFO  o.e.m.c.i.embedder.EclipseLogger - Copying 1 resource
2019-09-25 12:30:27,964 [Worker-23: Building workspace] INFO  o.e.m.c.i.embedder.EclipseLogger - Copying 0 resource
2019-09-25 12:30:27,966 [Worker-23: Building workspace] INFO  o.e.m.c.i.embedder.EclipseLogger - Using 'UTF-8' encoding to copy filtered resources.
2019-09-25 12:30:27,966 [Worker-23: Building workspace] INFO  o.e.m.c.i.embedder.EclipseLogger - skip non existing resourceDirectory C:\Users\MCC19171860\git\PAC\tasks\src\test\resources
2019-09-25 12:30:46,817 [Worker-2: Building workspace] INFO  o.e.m.c.i.embedder.EclipseLogger - Using 'UTF-8' encoding to copy filtered resources.
2019-09-25 12:30:46,818 [Worker-2: Building workspace] INFO  o.e.m.c.i.embedder.EclipseLogger - Copying 1 resource
2019-09-25 12:30:46,819 [Worker-2: Building workspace] INFO  o.e.m.c.i.embedder.EclipseLogger - Copying 0 resource
2019-09-25 12:30:46,822 [Worker-2: Building workspace] INFO  o.e.m.c.i.embedder.EclipseLogger - Using 'UTF-8' encoding to copy filtered resources.
2019-09-25 12:30:46,823 [Worker-2: Building workspace] INFO  o.e.m.c.i.embedder.EclipseLogger - skip non existing resourceDirectory C:\Users\MCC19171860\git\PAC\tasks\src\test\resources
2019-09-25 12:32:12,226 [Worker-23: Building workspace] INFO  o.e.m.c.i.embedder.EclipseLogger - Using 'UTF-8' encoding to copy filtered resources.
2019-09-25 12:32:12,227 [Worker-23: Building workspace] INFO  o.e.m.c.i.embedder.EclipseLogger - Copying 1 resource
2019-09-25 12:32:12,229 [Worker-23: Building workspace] INFO  o.e.m.c.i.embedder.EclipseLogger - Copying 0 resource
2019-09-25 12:32:12,230 [Worker-23: Building workspace] INFO  o.e.m.c.i.embedder.EclipseLogger - Using 'UTF-8' encoding to copy filtered resources.
2019-09-25 12:32:12,230 [Worker-23: Building workspace] INFO  o.e.m.c.i.embedder.EclipseLogger - skip non existing resourceDirectory C:\Users\MCC19171860\git\PAC\tasks\src\test\resources
2019-09-25 12:58:04,533 [Worker-29: Building workspace] INFO  o.e.m.c.i.embedder.EclipseLogger - Using 'UTF-8' encoding to copy filtered resources.
2019-09-25 12:58:04,534 [Worker-29: Building workspace] INFO  o.e.m.c.i.embedder.EclipseLogger - Copying 0 resource
2019-09-25 12:58:04,535 [Worker-29: Building workspace] INFO  o.e.m.c.i.embedder.EclipseLogger - Copying 1 resource
2019-09-25 12:58:04,539 [Worker-29: Building workspace] INFO  o.e.m.c.i.embedder.EclipseLogger - Using 'UTF-8' encoding to copy filtered resources.
2019-09-25 12:58:04,540 [Worker-29: Building workspace] INFO  o.e.m.c.i.embedder.EclipseLogger - skip non existing resourceDirectory C:\Users\MCC19171860\git\PAC\tasks\src\test\resources
2019-09-25 12:58:13,949 [Worker-29: Building workspace] INFO  o.e.m.c.i.embedder.EclipseLogger - Using 'UTF-8' encoding to copy filtered resources.
2019-09-25 12:58:13,949 [Worker-29: Building workspace] INFO  o.e.m.c.i.embedder.EclipseLogger - Copying 0 resource
2019-09-25 12:58:13,950 [Worker-29: Building workspace] INFO  o.e.m.c.i.embedder.EclipseLogger - Copying 0 resource
2019-09-25 12:58:13,951 [Worker-29: Building workspace] INFO  o.e.m.c.i.embedder.EclipseLogger - Using 'UTF-8' encoding to copy filtered resources.
2019-09-25 12:58:13,952 [Worker-29: Building workspace] INFO  o.e.m.c.i.embedder.EclipseLogger - skip non existing resourceDirectory C:\Users\MCC19171860\git\PAC\tasks\src\test\resources
2019-09-25 12:58:26,589 [Worker-29: Building workspace] INFO  o.e.m.c.i.embedder.EclipseLogger - Using 'UTF-8' encoding to copy filtered resources.
2019-09-25 12:58:26,590 [Worker-29: Building workspace] INFO  o.e.m.c.i.embedder.EclipseLogger - Copying 0 resource
2019-09-25 12:58:26,590 [Worker-29: Building workspace] INFO  o.e.m.c.i.embedder.EclipseLogger - Copying 1 resource
2019-09-25 12:58:26,593 [Worker-29: Building workspace] INFO  o.e.m.c.i.embedder.EclipseLogger - Using 'UTF-8' encoding to copy filtered resources.
2019-09-25 12:58:26,593 [Worker-29: Building workspace] INFO  o.e.m.c.i.embedder.EclipseLogger - skip non existing resourceDirectory C:\Users\MCC19171860\git\PAC\tasks\src\test\resources
2019-09-25 13:36:39,181 [Worker-37: Building workspace] INFO  o.e.m.c.i.embedder.EclipseLogger - Using 'UTF-8' encoding to copy filtered resources.
2019-09-25 13:36:39,181 [Worker-37: Building workspace] INFO  o.e.m.c.i.embedder.EclipseLogger - Copying 0 resource
2019-09-25 13:36:39,182 [Worker-37: Building workspace] INFO  o.e.m.c.i.embedder.EclipseLogger - Copying 0 resource
2019-09-25 13:36:39,184 [Worker-37: Building workspace] INFO  o.e.m.c.i.embedder.EclipseLogger - Using 'UTF-8' encoding to copy filtered resources.
2019-09-25 13:36:39,184 [Worker-37: Building workspace] INFO  o.e.m.c.i.embedder.EclipseLogger - skip non existing resourceDirectory C:\Users\MCC19171860\git\PAC\tasks\src\test\resources
2019-09-25 13:44:04,437 [Worker-42: Building workspace] INFO  o.e.m.c.i.embedder.EclipseLogger - Using 'UTF-8' encoding to copy filtered resources.
2019-09-25 13:44:04,438 [Worker-42: Building workspace] INFO  o.e.m.c.i.embedder.EclipseLogger - Copying 0 resource
2019-09-25 13:44:04,438 [Worker-42: Building workspace] INFO  o.e.m.c.i.embedder.EclipseLogger - Copying 6 resources
2019-09-25 13:44:04,451 [Worker-42: Building workspace] INFO  o.e.m.c.i.embedder.EclipseLogger - Using 'UTF-8' encoding to copy filtered resources.
2019-09-25 13:44:04,451 [Worker-42: Building workspace] INFO  o.e.m.c.i.embedder.EclipseLogger - skip non existing resourceDirectory C:\Users\MCC19171860\git\PAC\tasks\src\test\resources
2019-09-25 13:46:30,406 [Worker-41: Building workspace] INFO  o.e.m.c.i.embedder.EclipseLogger - Using 'UTF-8' encoding to copy filtered resources.
2019-09-25 13:46:30,407 [Worker-41: Building workspace] INFO  o.e.m.c.i.embedder.EclipseLogger - Copying 1 resource
2019-09-25 13:46:30,409 [Worker-41: Building workspace] INFO  o.e.m.c.i.embedder.EclipseLogger - Copying 6 resources
2019-09-25 13:46:30,412 [Worker-41: Building workspace] INFO  o.e.m.c.i.embedder.EclipseLogger - Using 'UTF-8' encoding to copy filtered resources.
2019-09-25 13:46:30,412 [Worker-41: Building workspace] INFO  o.e.m.c.i.embedder.EclipseLogger - skip non existing resourceDirectory C:\Users\MCC19171860\git\PAC\tasks\src\test\resources
2019-09-25 13:46:58,374 [Worker-40: Building workspace] INFO  o.e.m.c.i.embedder.EclipseLogger - Using 'UTF-8' encoding to copy filtered resources.
2019-09-25 13:46:58,375 [Worker-40: Building workspace] INFO  o.e.m.c.i.embedder.EclipseLogger - Copying 1 resource
2019-09-25 13:46:58,377 [Worker-40: Building workspace] INFO  o.e.m.c.i.embedder.EclipseLogger - Copying 6 resources
2019-09-25 13:46:58,379 [Worker-40: Building workspace] INFO  o.e.m.c.i.embedder.EclipseLogger - Using 'UTF-8' encoding to copy filtered resources.
2019-09-25 13:46:58,379 [Worker-40: Building workspace] INFO  o.e.m.c.i.embedder.EclipseLogger - skip non existing resourceDirectory C:\Users\MCC19171860\git\PAC\tasks\src\test\resources
2019-09-25 13:49:08,409 [Worker-39: Building workspace] INFO  o.e.m.c.i.embedder.EclipseLogger - Using 'UTF-8' encoding to copy filtered resources.
2019-09-25 13:49:08,410 [Worker-39: Building workspace] INFO  o.e.m.c.i.embedder.EclipseLogger - Copying 1 resource
2019-09-25 13:49:08,413 [Worker-39: Building workspace] INFO  o.e.m.c.i.embedder.EclipseLogger - Copying 6 resources
2019-09-25 13:49:08,415 [Worker-39: Building workspace] INFO  o.e.m.c.i.embedder.EclipseLogger - Using 'UTF-8' encoding to copy filtered resources.
2019-09-25 13:49:08,415 [Worker-39: Building workspace] INFO  o.e.m.c.i.embedder.EclipseLogger - skip non existing resourceDirectory C:\Users\MCC19171860\git\PAC\tasks\src\test\resources
2019-09-25 13:50:16,397 [Worker-40: Building workspace] INFO  o.e.m.c.i.embedder.EclipseLogger - Using 'UTF-8' encoding to copy filtered resources.
2019-09-25 13:50:16,399 [Worker-40: Building workspace] INFO  o.e.m.c.i.embedder.EclipseLogger - Copying 1 resource
2019-09-25 13:50:16,400 [Worker-40: Building workspace] INFO  o.e.m.c.i.embedder.EclipseLogger - Copying 6 resources
2019-09-25 13:50:16,402 [Worker-40: Building workspace] INFO  o.e.m.c.i.embedder.EclipseLogger - Using 'UTF-8' encoding to copy filtered resources.
2019-09-25 13:50:16,402 [Worker-40: Building workspace] INFO  o.e.m.c.i.embedder.EclipseLogger - skip non existing resourceDirectory C:\Users\MCC19171860\git\PAC\tasks\src\test\resources
2019-09-25 13:50:33,867 [Worker-43: Building workspace] INFO  o.e.m.c.i.embedder.EclipseLogger - Using 'UTF-8' encoding to copy filtered resources.
2019-09-25 13:50:33,868 [Worker-43: Building workspace] INFO  o.e.m.c.i.embedder.EclipseLogger - Copying 1 resource
2019-09-25 13:50:33,870 [Worker-43: Building workspace] INFO  o.e.m.c.i.embedder.EclipseLogger - Copying 6 resources
2019-09-25 13:50:33,872 [Worker-43: Building workspace] INFO  o.e.m.c.i.embedder.EclipseLogger - Using 'UTF-8' encoding to copy filtered resources.
2019-09-25 13:50:33,872 [Worker-43: Building workspace] INFO  o.e.m.c.i.embedder.EclipseLogger - skip non existing resourceDirectory C:\Users\MCC19171860\git\PAC\tasks\src\test\resources
2019-09-25 13:52:33,418 [Worker-40: Building workspace] INFO  o.e.m.c.i.embedder.EclipseLogger - Using 'UTF-8' encoding to copy filtered resources.
2019-09-25 13:52:33,419 [Worker-40: Building workspace] INFO  o.e.m.c.i.embedder.EclipseLogger - Copying 1 resource
2019-09-25 13:52:33,421 [Worker-40: Building workspace] INFO  o.e.m.c.i.embedder.EclipseLogger - Copying 6 resources
2019-09-25 13:52:33,424 [Worker-40: Building workspace] INFO  o.e.m.c.i.embedder.EclipseLogger - Using 'UTF-8' encoding to copy filtered resources.
2019-09-25 13:52:33,424 [Worker-40: Building workspace] INFO  o.e.m.c.i.embedder.EclipseLogger - skip non existing resourceDirectory C:\Users\MCC19171860\git\PAC\tasks\src\test\resources
2019-09-25 13:59:13,524 [Worker-46: Building workspace] INFO  o.e.m.c.i.embedder.EclipseLogger - Using 'UTF-8' encoding to copy filtered resources.
2019-09-25 13:59:13,525 [Worker-46: Building workspace] INFO  o.e.m.c.i.embedder.EclipseLogger - Copying 1 resource
2019-09-25 13:59:13,527 [Worker-46: Building workspace] INFO  o.e.m.c.i.embedder.EclipseLogger - Copying 6 resources
2019-09-25 13:59:13,529 [Worker-46: Building workspace] INFO  o.e.m.c.i.embedder.EclipseLogger - Using 'UTF-8' encoding to copy filtered resources.
2019-09-25 13:59:13,529 [Worker-46: Building workspace] INFO  o.e.m.c.i.embedder.EclipseLogger - skip non existing resourceDirectory C:\Users\MCC19171860\git\PAC\tasks\src\test\resources
2019-09-25 13:59:28,074 [Worker-39: Building workspace] INFO  o.e.m.c.i.embedder.EclipseLogger - Using 'UTF-8' encoding to copy filtered resources.
2019-09-25 13:59:28,075 [Worker-39: Building workspace] INFO  o.e.m.c.i.embedder.EclipseLogger - Copying 1 resource
2019-09-25 13:59:28,077 [Worker-39: Building workspace] INFO  o.e.m.c.i.embedder.EclipseLogger - Copying 6 resources
2019-09-25 13:59:28,079 [Worker-39: Building workspace] INFO  o.e.m.c.i.embedder.EclipseLogger - Using 'UTF-8' encoding to copy filtered resources.
2019-09-25 13:59:28,079 [Worker-39: Building workspace] INFO  o.e.m.c.i.embedder.EclipseLogger - skip non existing resourceDirectory C:\Users\MCC19171860\git\PAC\tasks\src\test\resources
2019-09-25 14:00:38,713 [Worker-39: Building workspace] INFO  o.e.m.c.i.embedder.EclipseLogger - Using 'UTF-8' encoding to copy filtered resources.
2019-09-25 14:00:38,715 [Worker-39: Building workspace] INFO  o.e.m.c.i.embedder.EclipseLogger - Copying 1 resource
2019-09-25 14:00:38,716 [Worker-39: Building workspace] INFO  o.e.m.c.i.embedder.EclipseLogger - Copying 6 resources
2019-09-25 14:00:38,718 [Worker-39: Building workspace] INFO  o.e.m.c.i.embedder.EclipseLogger - Using 'UTF-8' encoding to copy filtered resources.
2019-09-25 14:00:38,718 [Worker-39: Building workspace] INFO  o.e.m.c.i.embedder.EclipseLogger - skip non existing resourceDirectory C:\Users\MCC19171860\git\PAC\tasks\src\test\resources
2019-09-25 14:04:01,624 [Worker-44: Building workspace] INFO  o.e.m.c.i.embedder.EclipseLogger - Using 'UTF-8' encoding to copy filtered resources.
2019-09-25 14:04:01,626 [Worker-44: Building workspace] INFO  o.e.m.c.i.embedder.EclipseLogger - Copying 1 resource
2019-09-25 14:04:01,627 [Worker-44: Building workspace] INFO  o.e.m.c.i.embedder.EclipseLogger - Copying 6 resources
2019-09-25 14:04:01,630 [Worker-44: Building workspace] INFO  o.e.m.c.i.embedder.EclipseLogger - Using 'UTF-8' encoding to copy filtered resources.
2019-09-25 14:04:01,630 [Worker-44: Building workspace] INFO  o.e.m.c.i.embedder.EclipseLogger - skip non existing resourceDirectory C:\Users\MCC19171860\git\PAC\tasks\src\test\resources
2019-09-25 14:05:59,304 [Worker-46: Building workspace] INFO  o.e.m.c.i.embedder.EclipseLogger - Using 'UTF-8' encoding to copy filtered resources.
2019-09-25 14:05:59,305 [Worker-46: Building workspace] INFO  o.e.m.c.i.embedder.EclipseLogger - Copying 1 resource
2019-09-25 14:05:59,307 [Worker-46: Building workspace] INFO  o.e.m.c.i.embedder.EclipseLogger - Copying 6 resources
2019-09-25 14:05:59,309 [Worker-46: Building workspace] INFO  o.e.m.c.i.embedder.EclipseLogger - Using 'UTF-8' encoding to copy filtered resources.
2019-09-25 14:05:59,309 [Worker-46: Building workspace] INFO  o.e.m.c.i.embedder.EclipseLogger - skip non existing resourceDirectory C:\Users\MCC19171860\git\PAC\tasks\src\test\resources
2019-09-25 14:06:41,644 [Worker-44: Building workspace] INFO  o.e.m.c.i.embedder.EclipseLogger - Using 'UTF-8' encoding to copy filtered resources.
2019-09-25 14:06:41,646 [Worker-44: Building workspace] INFO  o.e.m.c.i.embedder.EclipseLogger - Copying 1 resource
2019-09-25 14:06:41,647 [Worker-44: Building workspace] INFO  o.e.m.c.i.embedder.EclipseLogger - Copying 6 resources
2019-09-25 14:06:41,649 [Worker-44: Building workspace] INFO  o.e.m.c.i.embedder.EclipseLogger - Using 'UTF-8' encoding to copy filtered resources.
2019-09-25 14:06:41,649 [Worker-44: Building workspace] INFO  o.e.m.c.i.embedder.EclipseLogger - skip non existing resourceDirectory C:\Users\MCC19171860\git\PAC\tasks\src\test\resources
2019-09-25 14:07:32,533 [Worker-44: Building workspace] INFO  o.e.m.c.i.embedder.EclipseLogger - Using 'UTF-8' encoding to copy filtered resources.
2019-09-25 14:07:32,534 [Worker-44: Building workspace] INFO  o.e.m.c.i.embedder.EclipseLogger - Copying 1 resource
2019-09-25 14:07:32,536 [Worker-44: Building workspace] INFO  o.e.m.c.i.embedder.EclipseLogger - Copying 6 resources
2019-09-25 14:07:32,537 [Worker-44: Building workspace] INFO  o.e.m.c.i.embedder.EclipseLogger - Using 'UTF-8' encoding to copy filtered resources.
2019-09-25 14:07:32,538 [Worker-44: Building workspace] INFO  o.e.m.c.i.embedder.EclipseLogger - skip non existing resourceDirectory C:\Users\MCC19171860\git\PAC\tasks\src\test\resources
2019-09-25 14:07:39,760 [Worker-41: Building workspace] INFO  o.e.m.c.i.embedder.EclipseLogger - Using 'UTF-8' encoding to copy filtered resources.
2019-09-25 14:07:39,761 [Worker-41: Building workspace] INFO  o.e.m.c.i.embedder.EclipseLogger - Copying 1 resource
2019-09-25 14:07:39,763 [Worker-41: Building workspace] INFO  o.e.m.c.i.embedder.EclipseLogger - Copying 6 resources
2019-09-25 14:07:39,766 [Worker-41: Building workspace] INFO  o.e.m.c.i.embedder.EclipseLogger - Using 'UTF-8' encoding to copy filtered resources.
2019-09-25 14:07:39,766 [Worker-41: Building workspace] INFO  o.e.m.c.i.embedder.EclipseLogger - skip non existing resourceDirectory C:\Users\MCC19171860\git\PAC\tasks\src\test\resources
2019-09-25 14:09:30,265 [Worker-41: Building workspace] INFO  o.e.m.c.i.embedder.EclipseLogger - Using 'UTF-8' encoding to copy filtered resources.
2019-09-25 14:09:30,266 [Worker-41: Building workspace] INFO  o.e.m.c.i.embedder.EclipseLogger - Copying 1 resource
2019-09-25 14:09:30,268 [Worker-41: Building workspace] INFO  o.e.m.c.i.embedder.EclipseLogger - Copying 6 resources
2019-09-25 14:09:30,270 [Worker-41: Building workspace] INFO  o.e.m.c.i.embedder.EclipseLogger - Using 'UTF-8' encoding to copy filtered resources.
2019-09-25 14:09:30,270 [Worker-41: Building workspace] INFO  o.e.m.c.i.embedder.EclipseLogger - skip non existing resourceDirectory C:\Users\MCC19171860\git\PAC\tasks\src\test\resources
2019-09-25 14:13:13,633 [Worker-41: Building workspace] INFO  o.e.m.c.i.embedder.EclipseLogger - Using 'UTF-8' encoding to copy filtered resources.
2019-09-25 14:13:13,634 [Worker-41: Building workspace] INFO  o.e.m.c.i.embedder.EclipseLogger - Copying 1 resource
2019-09-25 14:13:13,636 [Worker-41: Building workspace] INFO  o.e.m.c.i.embedder.EclipseLogger - Copying 6 resources
2019-09-25 14:13:13,637 [Worker-41: Building workspace] INFO  o.e.m.c.i.embedder.EclipseLogger - Using 'UTF-8' encoding to copy filtered resources.
2019-09-25 14:13:13,638 [Worker-41: Building workspace] INFO  o.e.m.c.i.embedder.EclipseLogger - skip non existing resourceDirectory C:\Users\MCC19171860\git\PAC\tasks\src\test\resources
2019-09-25 15:55:12,772 [Worker-65: Building workspace] INFO  o.e.m.c.i.embedder.EclipseLogger - Using 'UTF-8' encoding to copy filtered resources.
2019-09-25 15:55:12,773 [Worker-65: Building workspace] INFO  o.e.m.c.i.embedder.EclipseLogger - Copying 1 resource
2019-09-25 15:55:12,775 [Worker-65: Building workspace] INFO  o.e.m.c.i.embedder.EclipseLogger - Copying 6 resources
2019-09-25 15:55:12,777 [Worker-65: Building workspace] INFO  o.e.m.c.i.embedder.EclipseLogger - Using 'UTF-8' encoding to copy filtered resources.
2019-09-25 15:55:12,777 [Worker-65: Building workspace] INFO  o.e.m.c.i.embedder.EclipseLogger - skip non existing resourceDirectory C:\Users\MCC19171860\git\PAC\tasks\src\test\resources
2019-09-25 16:02:53,951 [Worker-76: Building workspace] INFO  o.e.m.c.i.embedder.EclipseLogger - Using 'UTF-8' encoding to copy filtered resources.
2019-09-25 16:02:53,952 [Worker-76: Building workspace] INFO  o.e.m.c.i.embedder.EclipseLogger - Copying 1 resource
2019-09-25 16:02:53,954 [Worker-76: Building workspace] INFO  o.e.m.c.i.embedder.EclipseLogger - Copying 6 resources
2019-09-25 16:02:53,956 [Worker-76: Building workspace] INFO  o.e.m.c.i.embedder.EclipseLogger - Using 'UTF-8' encoding to copy filtered resources.
2019-09-25 16:02:53,957 [Worker-76: Building workspace] INFO  o.e.m.c.i.embedder.EclipseLogger - skip non existing resourceDirectory C:\Users\MCC19171860\git\PAC\tasks\src\test\resources
2019-09-25 16:03:24,607 [Worker-78: Building workspace] INFO  o.e.m.c.i.embedder.EclipseLogger - Using 'UTF-8' encoding to copy filtered resources.
2019-09-25 16:03:24,608 [Worker-78: Building workspace] INFO  o.e.m.c.i.embedder.EclipseLogger - Copying 1 resource
2019-09-25 16:03:24,610 [Worker-78: Building workspace] INFO  o.e.m.c.i.embedder.EclipseLogger - Copying 6 resources
2019-09-25 16:03:24,612 [Worker-78: Building workspace] INFO  o.e.m.c.i.embedder.EclipseLogger - Using 'UTF-8' encoding to copy filtered resources.
2019-09-25 16:03:24,612 [Worker-78: Building workspace] INFO  o.e.m.c.i.embedder.EclipseLogger - skip non existing resourceDirectory C:\Users\MCC19171860\git\PAC\tasks\src\test\resources
2019-09-25 16:08:12,390 [Worker-76: Building workspace] INFO  o.e.m.c.i.embedder.EclipseLogger - Using 'UTF-8' encoding to copy filtered resources.
2019-09-25 16:08:12,391 [Worker-76: Building workspace] INFO  o.e.m.c.i.embedder.EclipseLogger - Copying 1 resource
2019-09-25 16:08:12,393 [Worker-76: Building workspace] INFO  o.e.m.c.i.embedder.EclipseLogger - Copying 6 resources
2019-09-25 16:08:12,395 [Worker-76: Building workspace] INFO  o.e.m.c.i.embedder.EclipseLogger - Using 'UTF-8' encoding to copy filtered resources.
2019-09-25 16:08:12,395 [Worker-76: Building workspace] INFO  o.e.m.c.i.embedder.EclipseLogger - skip non existing resourceDirectory C:\Users\MCC19171860\git\PAC\tasks\src\test\resources
2019-09-25 16:12:44,804 [Worker-65: Building workspace] INFO  o.e.m.c.i.embedder.EclipseLogger - Using 'UTF-8' encoding to copy filtered resources.
2019-09-25 16:12:44,806 [Worker-65: Building workspace] INFO  o.e.m.c.i.embedder.EclipseLogger - Copying 1 resource
2019-09-25 16:12:44,807 [Worker-65: Building workspace] INFO  o.e.m.c.i.embedder.EclipseLogger - Copying 6 resources
2019-09-25 16:12:44,809 [Worker-65: Building workspace] INFO  o.e.m.c.i.embedder.EclipseLogger - Using 'UTF-8' encoding to copy filtered resources.
2019-09-25 16:12:44,809 [Worker-65: Building workspace] INFO  o.e.m.c.i.embedder.EclipseLogger - skip non existing resourceDirectory C:\Users\MCC19171860\git\PAC\tasks\src\test\resources
2019-09-25 16:13:01,729 [Worker-65: Building workspace] INFO  o.e.m.c.i.embedder.EclipseLogger - Using 'UTF-8' encoding to copy filtered resources.
2019-09-25 16:13:01,730 [Worker-65: Building workspace] INFO  o.e.m.c.i.embedder.EclipseLogger - Copying 1 resource
2019-09-25 16:13:01,732 [Worker-65: Building workspace] INFO  o.e.m.c.i.embedder.EclipseLogger - Copying 6 resources
2019-09-25 16:13:01,733 [Worker-65: Building workspace] INFO  o.e.m.c.i.embedder.EclipseLogger - Using 'UTF-8' encoding to copy filtered resources.
2019-09-25 16:13:01,734 [Worker-65: Building workspace] INFO  o.e.m.c.i.embedder.EclipseLogger - skip non existing resourceDirectory C:\Users\MCC19171860\git\PAC\tasks\src\test\resources
2019-09-25 16:13:14,546 [Worker-75: Building workspace] INFO  o.e.m.c.i.embedder.EclipseLogger - Using 'UTF-8' encoding to copy filtered resources.
2019-09-25 16:13:14,547 [Worker-75: Building workspace] INFO  o.e.m.c.i.embedder.EclipseLogger - Copying 1 resource
2019-09-25 16:13:14,549 [Worker-75: Building workspace] INFO  o.e.m.c.i.embedder.EclipseLogger - Copying 6 resources
2019-09-25 16:13:14,550 [Worker-75: Building workspace] INFO  o.e.m.c.i.embedder.EclipseLogger - Using 'UTF-8' encoding to copy filtered resources.
2019-09-25 16:13:14,550 [Worker-75: Building workspace] INFO  o.e.m.c.i.embedder.EclipseLogger - skip non existing resourceDirectory C:\Users\MCC19171860\git\PAC\tasks\src\test\resources
2019-09-25 16:13:19,457 [Worker-76: Building workspace] INFO  o.e.m.c.i.embedder.EclipseLogger - Using 'UTF-8' encoding to copy filtered resources.
2019-09-25 16:13:19,458 [Worker-76: Building workspace] INFO  o.e.m.c.i.embedder.EclipseLogger - Copying 1 resource
2019-09-25 16:13:19,460 [Worker-76: Building workspace] INFO  o.e.m.c.i.embedder.EclipseLogger - Copying 6 resources
2019-09-25 16:13:19,462 [Worker-76: Building workspace] INFO  o.e.m.c.i.embedder.EclipseLogger - Using 'UTF-8' encoding to copy filtered resources.
2019-09-25 16:13:19,462 [Worker-76: Building workspace] INFO  o.e.m.c.i.embedder.EclipseLogger - skip non existing resourceDirectory C:\Users\MCC19171860\git\PAC\tasks\src\test\resources
2019-09-25 16:13:58,552 [Worker-79: Building workspace] INFO  o.e.m.c.i.embedder.EclipseLogger - Using 'UTF-8' encoding to copy filtered resources.
2019-09-25 16:13:58,553 [Worker-79: Building workspace] INFO  o.e.m.c.i.embedder.EclipseLogger - Copying 1 resource
2019-09-25 16:13:58,555 [Worker-79: Building workspace] INFO  o.e.m.c.i.embedder.EclipseLogger - Copying 6 resources
2019-09-25 16:13:58,557 [Worker-79: Building workspace] INFO  o.e.m.c.i.embedder.EclipseLogger - Using 'UTF-8' encoding to copy filtered resources.
2019-09-25 16:13:58,557 [Worker-79: Building workspace] INFO  o.e.m.c.i.embedder.EclipseLogger - skip non existing resourceDirectory C:\Users\MCC19171860\git\PAC\tasks\src\test\resources
2019-09-25 16:15:23,179 [Worker-65: Building workspace] INFO  o.e.m.c.i.embedder.EclipseLogger - Using 'UTF-8' encoding to copy filtered resources.
2019-09-25 16:15:23,180 [Worker-65: Building workspace] INFO  o.e.m.c.i.embedder.EclipseLogger - Copying 1 resource
2019-09-25 16:15:23,181 [Worker-65: Building workspace] INFO  o.e.m.c.i.embedder.EclipseLogger - Copying 6 resources
2019-09-25 16:15:23,183 [Worker-65: Building workspace] INFO  o.e.m.c.i.embedder.EclipseLogger - Using 'UTF-8' encoding to copy filtered resources.
2019-09-25 16:15:23,183 [Worker-65: Building workspace] INFO  o.e.m.c.i.embedder.EclipseLogger - skip non existing resourceDirectory C:\Users\MCC19171860\git\PAC\tasks\src\test\resources
2019-09-25 16:15:47,079 [Worker-79: Building workspace] INFO  o.e.m.c.i.embedder.EclipseLogger - Using 'UTF-8' encoding to copy filtered resources.
2019-09-25 16:15:47,080 [Worker-79: Building workspace] INFO  o.e.m.c.i.embedder.EclipseLogger - Copying 1 resource
2019-09-25 16:15:47,081 [Worker-79: Building workspace] INFO  o.e.m.c.i.embedder.EclipseLogger - Copying 6 resources
2019-09-25 16:15:47,083 [Worker-79: Building workspace] INFO  o.e.m.c.i.embedder.EclipseLogger - Using 'UTF-8' encoding to copy filtered resources.
2019-09-25 16:15:47,083 [Worker-79: Building workspace] INFO  o.e.m.c.i.embedder.EclipseLogger - skip non existing resourceDirectory C:\Users\MCC19171860\git\PAC\tasks\src\test\resources
2019-09-25 16:18:14,253 [Worker-80: Building workspace] INFO  o.e.m.c.i.embedder.EclipseLogger - Using 'UTF-8' encoding to copy filtered resources.
2019-09-25 16:18:14,254 [Worker-80: Building workspace] INFO  o.e.m.c.i.embedder.EclipseLogger - Copying 1 resource
2019-09-25 16:18:14,256 [Worker-80: Building workspace] INFO  o.e.m.c.i.embedder.EclipseLogger - Copying 6 resources
2019-09-25 16:18:14,258 [Worker-80: Building workspace] INFO  o.e.m.c.i.embedder.EclipseLogger - Using 'UTF-8' encoding to copy filtered resources.
2019-09-25 16:18:14,258 [Worker-80: Building workspace] INFO  o.e.m.c.i.embedder.EclipseLogger - skip non existing resourceDirectory C:\Users\MCC19171860\git\PAC\tasks\src\test\resources
2019-09-25 16:20:19,538 [Worker-74: Building workspace] INFO  o.e.m.c.i.embedder.EclipseLogger - Using 'UTF-8' encoding to copy filtered resources.
2019-09-25 16:20:19,539 [Worker-74: Building workspace] INFO  o.e.m.c.i.embedder.EclipseLogger - Copying 1 resource
2019-09-25 16:20:19,541 [Worker-74: Building workspace] INFO  o.e.m.c.i.embedder.EclipseLogger - Copying 6 resources
2019-09-25 16:20:19,543 [Worker-74: Building workspace] INFO  o.e.m.c.i.embedder.EclipseLogger - Using 'UTF-8' encoding to copy filtered resources.
2019-09-25 16:20:19,543 [Worker-74: Building workspace] INFO  o.e.m.c.i.embedder.EclipseLogger - skip non existing resourceDirectory C:\Users\MCC19171860\git\PAC\tasks\src\test\resources
2019-09-25 16:21:21,230 [Worker-76: Building workspace] INFO  o.e.m.c.i.embedder.EclipseLogger - Using 'UTF-8' encoding to copy filtered resources.
2019-09-25 16:21:21,231 [Worker-76: Building workspace] INFO  o.e.m.c.i.embedder.EclipseLogger - Copying 1 resource
2019-09-25 16:21:21,232 [Worker-76: Building workspace] INFO  o.e.m.c.i.embedder.EclipseLogger - Copying 6 resources
2019-09-25 16:21:21,234 [Worker-76: Building workspace] INFO  o.e.m.c.i.embedder.EclipseLogger - Using 'UTF-8' encoding to copy filtered resources.
2019-09-25 16:21:21,234 [Worker-76: Building workspace] INFO  o.e.m.c.i.embedder.EclipseLogger - skip non existing resourceDirectory C:\Users\MCC19171860\git\PAC\tasks\src\test\resources
2019-09-25 16:21:58,363 [Worker-74: Building workspace] INFO  o.e.m.c.i.embedder.EclipseLogger - Using 'UTF-8' encoding to copy filtered resources.
2019-09-25 16:21:58,364 [Worker-74: Building workspace] INFO  o.e.m.c.i.embedder.EclipseLogger - Copying 1 resource
2019-09-25 16:21:58,366 [Worker-74: Building workspace] INFO  o.e.m.c.i.embedder.EclipseLogger - Copying 6 resources
2019-09-25 16:21:58,368 [Worker-74: Building workspace] INFO  o.e.m.c.i.embedder.EclipseLogger - Using 'UTF-8' encoding to copy filtered resources.
2019-09-25 16:21:58,368 [Worker-74: Building workspace] INFO  o.e.m.c.i.embedder.EclipseLogger - skip non existing resourceDirectory C:\Users\MCC19171860\git\PAC\tasks\src\test\resources
2019-09-25 16:22:23,268 [Worker-76: Building workspace] INFO  o.e.m.c.i.embedder.EclipseLogger - Using 'UTF-8' encoding to copy filtered resources.
2019-09-25 16:22:23,269 [Worker-76: Building workspace] INFO  o.e.m.c.i.embedder.EclipseLogger - Copying 1 resource
2019-09-25 16:22:23,270 [Worker-76: Building workspace] INFO  o.e.m.c.i.embedder.EclipseLogger - Copying 6 resources
2019-09-25 16:22:23,273 [Worker-76: Building workspace] INFO  o.e.m.c.i.embedder.EclipseLogger - Using 'UTF-8' encoding to copy filtered resources.
2019-09-25 16:22:23,273 [Worker-76: Building workspace] INFO  o.e.m.c.i.embedder.EclipseLogger - skip non existing resourceDirectory C:\Users\MCC19171860\git\PAC\tasks\src\test\resources
2019-09-25 16:23:07,761 [Worker-75: Building workspace] INFO  o.e.m.c.i.embedder.EclipseLogger - Using 'UTF-8' encoding to copy filtered resources.
2019-09-25 16:23:07,762 [Worker-75: Building workspace] INFO  o.e.m.c.i.embedder.EclipseLogger - Copying 1 resource
2019-09-25 16:23:07,764 [Worker-75: Building workspace] INFO  o.e.m.c.i.embedder.EclipseLogger - Copying 6 resources
2019-09-25 16:23:07,765 [Worker-75: Building workspace] INFO  o.e.m.c.i.embedder.EclipseLogger - Using 'UTF-8' encoding to copy filtered resources.
2019-09-25 16:23:07,765 [Worker-75: Building workspace] INFO  o.e.m.c.i.embedder.EclipseLogger - skip non existing resourceDirectory C:\Users\MCC19171860\git\PAC\tasks\src\test\resources
2019-09-25 16:25:18,803 [Worker-74: Building workspace] INFO  o.e.m.c.i.embedder.EclipseLogger - Using 'UTF-8' encoding to copy filtered resources.
2019-09-25 16:25:18,804 [Worker-74: Building workspace] INFO  o.e.m.c.i.embedder.EclipseLogger - Copying 1 resource
2019-09-25 16:25:18,805 [Worker-74: Building workspace] INFO  o.e.m.c.i.embedder.EclipseLogger - Copying 6 resources
2019-09-25 16:25:18,807 [Worker-74: Building workspace] INFO  o.e.m.c.i.embedder.EclipseLogger - Using 'UTF-8' encoding to copy filtered resources.
2019-09-25 16:25:18,807 [Worker-74: Building workspace] INFO  o.e.m.c.i.embedder.EclipseLogger - skip non existing resourceDirectory C:\Users\MCC19171860\git\PAC\tasks\src\test\resources
2019-09-25 16:25:26,716 [Worker-80: Launching tasks - TasksApplication] INFO  o.e.m.c.i.embedder.EclipseLogger - Using 'UTF-8' encoding to copy filtered resources.
2019-09-25 16:25:26,717 [Worker-80: Launching tasks - TasksApplication] INFO  o.e.m.c.i.embedder.EclipseLogger - Copying 1 resource
2019-09-25 16:25:26,719 [Worker-80: Launching tasks - TasksApplication] INFO  o.e.m.c.i.embedder.EclipseLogger - Copying 6 resources
2019-09-25 16:25:26,721 [Worker-80: Launching tasks - TasksApplication] INFO  o.e.m.c.i.embedder.EclipseLogger - Using 'UTF-8' encoding to copy filtered resources.
2019-09-25 16:25:26,721 [Worker-80: Launching tasks - TasksApplication] INFO  o.e.m.c.i.embedder.EclipseLogger - skip non existing resourceDirectory C:\Users\MCC19171860\git\PAC\tasks\src\test\resources
2019-09-25 16:26:27,264 [Worker-76: Building workspace] INFO  o.e.m.c.i.embedder.EclipseLogger - Using 'UTF-8' encoding to copy filtered resources.
2019-09-25 16:26:27,265 [Worker-76: Building workspace] INFO  o.e.m.c.i.embedder.EclipseLogger - Copying 1 resource
2019-09-25 16:26:27,267 [Worker-76: Building workspace] INFO  o.e.m.c.i.embedder.EclipseLogger - Copying 6 resources
2019-09-25 16:26:27,268 [Worker-76: Building workspace] INFO  o.e.m.c.i.embedder.EclipseLogger - Using 'UTF-8' encoding to copy filtered resources.
2019-09-25 16:26:27,269 [Worker-76: Building workspace] INFO  o.e.m.c.i.embedder.EclipseLogger - skip non existing resourceDirectory C:\Users\MCC19171860\git\PAC\tasks\src\test\resources
2019-09-25 16:31:10,412 [Worker-75: Building workspace] INFO  o.e.m.c.i.embedder.EclipseLogger - Using 'UTF-8' encoding to copy filtered resources.
2019-09-25 16:31:10,414 [Worker-75: Building workspace] INFO  o.e.m.c.i.embedder.EclipseLogger - Copying 1 resource
2019-09-25 16:31:10,415 [Worker-75: Building workspace] INFO  o.e.m.c.i.embedder.EclipseLogger - Copying 6 resources
2019-09-25 16:31:10,417 [Worker-75: Building workspace] INFO  o.e.m.c.i.embedder.EclipseLogger - Using 'UTF-8' encoding to copy filtered resources.
2019-09-25 16:31:10,417 [Worker-75: Building workspace] INFO  o.e.m.c.i.embedder.EclipseLogger - skip non existing resourceDirectory C:\Users\MCC19171860\git\PAC\tasks\src\test\resources
2019-09-25 16:34:20,401 [Worker-75: Building workspace] INFO  o.e.m.c.i.embedder.EclipseLogger - Using 'UTF-8' encoding to copy filtered resources.
2019-09-25 16:34:20,403 [Worker-75: Building workspace] INFO  o.e.m.c.i.embedder.EclipseLogger - Copying 1 resource
2019-09-25 16:34:20,404 [Worker-75: Building workspace] INFO  o.e.m.c.i.embedder.EclipseLogger - Copying 6 resources
2019-09-25 16:34:20,406 [Worker-75: Building workspace] INFO  o.e.m.c.i.embedder.EclipseLogger - Using 'UTF-8' encoding to copy filtered resources.
2019-09-25 16:34:20,406 [Worker-75: Building workspace] INFO  o.e.m.c.i.embedder.EclipseLogger - skip non existing resourceDirectory C:\Users\MCC19171860\git\PAC\tasks\src\test\resources
2019-09-25 16:34:55,644 [Worker-84: Building workspace] INFO  o.e.m.c.i.embedder.EclipseLogger - Using 'UTF-8' encoding to copy filtered resources.
2019-09-25 16:34:55,646 [Worker-84: Building workspace] INFO  o.e.m.c.i.embedder.EclipseLogger - Copying 1 resource
2019-09-25 16:34:55,647 [Worker-84: Building workspace] INFO  o.e.m.c.i.embedder.EclipseLogger - Copying 6 resources
2019-09-25 16:34:55,649 [Worker-84: Building workspace] INFO  o.e.m.c.i.embedder.EclipseLogger - Using 'UTF-8' encoding to copy filtered resources.
2019-09-25 16:34:55,649 [Worker-84: Building workspace] INFO  o.e.m.c.i.embedder.EclipseLogger - skip non existing resourceDirectory C:\Users\MCC19171860\git\PAC\tasks\src\test\resources
2019-09-25 16:35:12,077 [Worker-79: Building workspace] INFO  o.e.m.c.i.embedder.EclipseLogger - Using 'UTF-8' encoding to copy filtered resources.
2019-09-25 16:35:12,078 [Worker-79: Building workspace] INFO  o.e.m.c.i.embedder.EclipseLogger - Copying 1 resource
2019-09-25 16:35:12,080 [Worker-79: Building workspace] INFO  o.e.m.c.i.embedder.EclipseLogger - Copying 6 resources
2019-09-25 16:35:12,082 [Worker-79: Building workspace] INFO  o.e.m.c.i.embedder.EclipseLogger - Using 'UTF-8' encoding to copy filtered resources.
2019-09-25 16:35:12,082 [Worker-79: Building workspace] INFO  o.e.m.c.i.embedder.EclipseLogger - skip non existing resourceDirectory C:\Users\MCC19171860\git\PAC\tasks\src\test\resources
2019-09-26 09:15:55,957 [Worker-4: Loading available Gradle versions] INFO  o.e.b.c.i.u.g.PublishedGradleVersions - Gradle version information cache is up-to-date. Trying to read.
2019-09-26 09:29:09,873 [Worker-0: Building workspace] INFO  o.e.m.c.i.embedder.EclipseLogger - Using 'UTF-8' encoding to copy filtered resources.
2019-09-26 09:29:09,878 [Worker-0: Building workspace] INFO  o.e.m.c.i.embedder.EclipseLogger - Copying 1 resource
2019-09-26 09:29:09,886 [Worker-0: Building workspace] INFO  o.e.m.c.i.embedder.EclipseLogger - Copying 6 resources
2019-09-26 09:29:09,890 [Worker-0: Building workspace] INFO  o.e.m.c.i.embedder.EclipseLogger - Using 'UTF-8' encoding to copy filtered resources.
2019-09-26 09:29:09,890 [Worker-0: Building workspace] INFO  o.e.m.c.i.embedder.EclipseLogger - skip non existing resourceDirectory C:\Users\MCC19171860\git\PAC\tasks\src\test\resources
2019-09-26 09:29:34,676 [Worker-15: Building workspace] INFO  o.e.m.c.i.embedder.EclipseLogger - Using 'UTF-8' encoding to copy filtered resources.
2019-09-26 09:29:34,679 [Worker-15: Building workspace] INFO  o.e.m.c.i.embedder.EclipseLogger - Copying 1 resource
2019-09-26 09:29:34,681 [Worker-15: Building workspace] INFO  o.e.m.c.i.embedder.EclipseLogger - Copying 6 resources
2019-09-26 09:29:34,683 [Worker-15: Building workspace] INFO  o.e.m.c.i.embedder.EclipseLogger - Using 'UTF-8' encoding to copy filtered resources.
2019-09-26 09:29:34,683 [Worker-15: Building workspace] INFO  o.e.m.c.i.embedder.EclipseLogger - skip non existing resourceDirectory C:\Users\MCC19171860\git\PAC\tasks\src\test\resources
2019-09-26 09:29:46,097 [Worker-15: Building workspace] INFO  o.e.m.c.i.embedder.EclipseLogger - Using 'UTF-8' encoding to copy filtered resources.
2019-09-26 09:29:46,099 [Worker-15: Building workspace] INFO  o.e.m.c.i.embedder.EclipseLogger - Copying 1 resource
2019-09-26 09:29:46,101 [Worker-15: Building workspace] INFO  o.e.m.c.i.embedder.EclipseLogger - Copying 6 resources
2019-09-26 09:29:46,103 [Worker-15: Building workspace] INFO  o.e.m.c.i.embedder.EclipseLogger - Using 'UTF-8' encoding to copy filtered resources.
2019-09-26 09:29:46,103 [Worker-15: Building workspace] INFO  o.e.m.c.i.embedder.EclipseLogger - skip non existing resourceDirectory C:\Users\MCC19171860\git\PAC\tasks\src\test\resources
2019-09-26 09:31:20,684 [Worker-6: Launching tasks - TasksApplication] INFO  o.e.m.c.i.embedder.EclipseLogger - Using 'UTF-8' encoding to copy filtered resources.
2019-09-26 09:31:20,686 [Worker-6: Launching tasks - TasksApplication] INFO  o.e.m.c.i.embedder.EclipseLogger - Copying 1 resource
2019-09-26 09:31:20,688 [Worker-6: Launching tasks - TasksApplication] INFO  o.e.m.c.i.embedder.EclipseLogger - Copying 6 resources
2019-09-26 09:31:20,691 [Worker-6: Launching tasks - TasksApplication] INFO  o.e.m.c.i.embedder.EclipseLogger - Using 'UTF-8' encoding to copy filtered resources.
2019-09-26 09:31:20,691 [Worker-6: Launching tasks - TasksApplication] INFO  o.e.m.c.i.embedder.EclipseLogger - skip non existing resourceDirectory C:\Users\MCC19171860\git\PAC\tasks\src\test\resources
2019-09-26 14:52:53,880 [Worker-3: Loading available Gradle versions] INFO  o.e.b.c.i.u.g.PublishedGradleVersions - Gradle version information cache is out-of-date. Trying to update.
2019-09-27 09:16:16,015 [Worker-0: Loading available Gradle versions] INFO  o.e.b.c.i.u.g.PublishedGradleVersions - Gradle version information cache is up-to-date. Trying to read.
2019-10-01 09:59:24,099 [Worker-5: Loading available Gradle versions] INFO  o.e.b.c.i.u.g.PublishedGradleVersions - Gradle version information cache is up-to-date. Trying to read.
2019-10-02 10:37:19,770 [Worker-7: Loading available Gradle versions] INFO  o.e.b.c.i.u.g.PublishedGradleVersions - Gradle version information cache is up-to-date. Trying to read.
2019-10-03 08:29:55,445 [Worker-4: Loading available Gradle versions] INFO  o.e.b.c.i.u.g.PublishedGradleVersions - Gradle version information cache is up-to-date. Trying to read.
2019-10-03 12:16:07,175 [Worker-3: Loading available Gradle versions] INFO  o.e.b.c.i.u.g.PublishedGradleVersions - Gradle version information cache is up-to-date. Trying to read.
